# JRE version: OpenJDK Runtime Environment Temurin-21.0.7+6 (21.0.7+6) (build 21.0.7+6-LTS)
# Java VM: OpenJDK 64-Bit Server VM Temurin-21.0.7+6 (21.0.7+6-LTS, mixed mode, sharing, tiered, compressed oops, compressed class ptrs, parallel gc, linux-amd64)
GC Precious Log:
 CardTable entry size: 512
 CPUs: 8 total, 4 available
 Memory: 7910M
 Large Page Support: Disabled
 NUMA Support: Disabled
 Compressed Oops: Enabled (32-bit)
 Alignments: Space 512K, Generation 512K, Heap 2M
 Heap Min Capacity: 100M
 Heap Initial Capacity: 100M
 Heap Max Capacity: 2G
 Pre-touch: Disabled
 Parallel Workers: 4
Heap:
 PSYoungGen      total 4608K, used 1988K [0x00000000d5580000, 0x00000000d5f00000, 0x0000000100000000)
  eden space 3584K, 39% used [0x00000000d5580000,0x00000000d56e3f80,0x00000000d5900000)
  from space 1024K, 55% used [0x00000000d5900000,0x00000000d598d400,0x00000000d5a00000)
  to   space 2048K, 0% used [0x00000000d5d00000,0x00000000d5d00000,0x00000000d5f00000)
 ParOldGen       total 1038848K, used 827155K [0x0000000080000000, 0x00000000bf680000, 0x00000000d5580000)
  object space 1038848K, 79% used [0x0000000080000000,0x00000000b27c4df0,0x00000000bf680000)
 Metaspace       used 99476K, committed 101376K, reserved 1179648K
  class space    used 9956K, committed 10816K, reserved 1048576K
GC Heap History (20 events):
Event: 1463,080 GC heap before
{Heap before GC invocations=1923 (full 5):
 PSYoungGen      total 7680K, used 7465K [0x00000000d5580000, 0x00000000d6200000, 0x0000000100000000)
  eden space 6656K, 100% used [0x00000000d5580000,0x00000000d5c00000,0x00000000d5c00000)
  from space 1024K, 79% used [0x00000000d6000000,0x00000000d60ca400,0x00000000d6100000)
  to   space 1024K, 0% used [0x00000000d6100000,0x00000000d6100000,0x00000000d6200000)
 ParOldGen       total 1038848K, used 818371K [0x0000000080000000, 0x00000000bf680000, 0x00000000d5580000)
  object space 1038848K, 78% used [0x0000000080000000,0x00000000b1f30e40,0x00000000bf680000)
 Metaspace       used 99468K, committed 101376K, reserved 1179648K
  class space    used 9956K, committed 10816K, reserved 1048576K
}
Event: 1463,088 GC heap after
{Heap after GC invocations=1923 (full 5):
 PSYoungGen      total 7680K, used 1001K [0x00000000d5580000, 0x00000000d6300000, 0x0000000100000000)
  eden space 6656K, 0% used [0x00000000d5580000,0x00000000d5580000,0x00000000d5c00000)
  from space 1024K, 97% used [0x00000000d6100000,0x00000000d61fa7e8,0x00000000d6200000)
  to   space 3584K, 0% used [0x00000000d5c00000,0x00000000d5c00000,0x00000000d5f80000)
 ParOldGen       total 1038848K, used 820486K [0x0000000080000000, 0x00000000bf680000, 0x00000000d5580000)
  object space 1038848K, 78% used [0x0000000080000000,0x00000000b2141a28,0x00000000bf680000)
 Metaspace       used 99468K, committed 101376K, reserved 1179648K
  class space    used 9956K, committed 10816K, reserved 1048576K
}
Event: 1463,101 GC heap before
{Heap before GC invocations=1924 (full 5):
 PSYoungGen      total 7680K, used 7657K [0x00000000d5580000, 0x00000000d6300000, 0x0000000100000000)
  eden space 6656K, 100% used [0x00000000d5580000,0x00000000d5c00000,0x00000000d5c00000)
  from space 1024K, 97% used [0x00000000d6100000,0x00000000d61fa7e8,0x00000000d6200000)
  to   space 3584K, 0% used [0x00000000d5c00000,0x00000000d5c00000,0x00000000d5f80000)
 ParOldGen       total 1038848K, used 820486K [0x0000000080000000, 0x00000000bf680000, 0x00000000d5580000)
  object space 1038848K, 78% used [0x0000000080000000,0x00000000b2141a28,0x00000000bf680000)
 Metaspace       used 99468K, committed 101376K, reserved 1179648K
  class space    used 9956K, committed 10816K, reserved 1048576K
}
Event: 1463,107 GC heap after
{Heap after GC invocations=1924 (full 5):
 PSYoungGen      total 10240K, used 756K [0x00000000d5580000, 0x00000000d6180000, 0x0000000100000000)
  eden space 6656K, 0% used [0x00000000d5580000,0x00000000d5580000,0x00000000d5c00000)
  from space 3584K, 21% used [0x00000000d5c00000,0x00000000d5cbd010,0x00000000d5f80000)
  to   space 2048K, 0% used [0x00000000d5f80000,0x00000000d5f80000,0x00000000d6180000)
 ParOldGen       total 1038848K, used 820798K [0x0000000080000000, 0x00000000bf680000, 0x00000000d5580000)
  object space 1038848K, 79% used [0x0000000080000000,0x00000000b218fa28,0x00000000bf680000)
 Metaspace       used 99468K, committed 101376K, reserved 1179648K
  class space    used 9956K, committed 10816K, reserved 1048576K
}
Event: 1463,198 GC heap before
{Heap before GC invocations=1925 (full 5):
 PSYoungGen      total 10240K, used 7412K [0x00000000d5580000, 0x00000000d6180000, 0x0000000100000000)
  eden space 6656K, 100% used [0x00000000d5580000,0x00000000d5c00000,0x00000000d5c00000)
  from space 3584K, 21% used [0x00000000d5c00000,0x00000000d5cbd010,0x00000000d5f80000)
  to   space 2048K, 0% used [0x00000000d5f80000,0x00000000d5f80000,0x00000000d6180000)
 ParOldGen       total 1038848K, used 820798K [0x0000000080000000, 0x00000000bf680000, 0x00000000d5580000)
  object space 1038848K, 79% used [0x0000000080000000,0x00000000b218fa28,0x00000000bf680000)
 Metaspace       used 99472K, committed 101376K, reserved 1179648K
  class space    used 9956K, committed 10816K, reserved 1048576K
}
Event: 1463,203 GC heap after
{Heap after GC invocations=1925 (full 5):
 PSYoungGen      total 7680K, used 910K [0x00000000d5580000, 0x00000000d6080000, 0x0000000100000000)
  eden space 6656K, 0% used [0x00000000d5580000,0x00000000d5580000,0x00000000d5c00000)
  from space 1024K, 88% used [0x00000000d5f80000,0x00000000d6063810,0x00000000d6080000)
  to   space 1024K, 0% used [0x00000000d5e80000,0x00000000d5e80000,0x00000000d5f80000)
 ParOldGen       total 1038848K, used 821228K [0x0000000080000000, 0x00000000bf680000, 0x00000000d5580000)
  object space 1038848K, 79% used [0x0000000080000000,0x00000000b21fb220,0x00000000bf680000)
 Metaspace       used 99472K, committed 101376K, reserved 1179648K
  class space    used 9956K, committed 10816K, reserved 1048576K
}
Event: 1463,226 GC heap before
{Heap before GC invocations=1926 (full 5):
 PSYoungGen      total 7680K, used 7566K [0x00000000d5580000, 0x00000000d6080000, 0x0000000100000000)
  eden space 6656K, 100% used [0x00000000d5580000,0x00000000d5c00000,0x00000000d5c00000)
  from space 1024K, 88% used [0x00000000d5f80000,0x00000000d6063810,0x00000000d6080000)
  to   space 1024K, 0% used [0x00000000d5e80000,0x00000000d5e80000,0x00000000d5f80000)
 ParOldGen       total 1038848K, used 821228K [0x0000000080000000, 0x00000000bf680000, 0x00000000d5580000)
  object space 1038848K, 79% used [0x0000000080000000,0x00000000b21fb220,0x00000000bf680000)
 Metaspace       used 99472K, committed 101376K, reserved 1179648K
  class space    used 9956K, committed 10816K, reserved 1048576K
}
Event: 1463,230 GC heap after
{Heap after GC invocations=1926 (full 5):
 PSYoungGen      total 7168K, used 489K [0x00000000d5580000, 0x00000000d6000000, 0x0000000100000000)
  eden space 6656K, 0% used [0x00000000d5580000,0x00000000d5580000,0x00000000d5c00000)
  from space 512K, 95% used [0x00000000d5e80000,0x00000000d5efa400,0x00000000d5f00000)
  to   space 1024K, 0% used [0x00000000d5f00000,0x00000000d5f00000,0x00000000d6000000)
 ParOldGen       total 1038848K, used 821606K [0x0000000080000000, 0x00000000bf680000, 0x00000000d5580000)
  object space 1038848K, 79% used [0x0000000080000000,0x00000000b2259a20,0x00000000bf680000)
 Metaspace       used 99472K, committed 101376K, reserved 1179648K
  class space    used 9956K, committed 10816K, reserved 1048576K
}
Event: 1463,242 GC heap before
{Heap before GC invocations=1927 (full 5):
 PSYoungGen      total 7168K, used 7145K [0x00000000d5580000, 0x00000000d6000000, 0x0000000100000000)
  eden space 6656K, 100% used [0x00000000d5580000,0x00000000d5c00000,0x00000000d5c00000)
  from space 512K, 95% used [0x00000000d5e80000,0x00000000d5efa400,0x00000000d5f00000)
  to   space 1024K, 0% used [0x00000000d5f00000,0x00000000d5f00000,0x00000000d6000000)
 ParOldGen       total 1038848K, used 821606K [0x0000000080000000, 0x00000000bf680000, 0x00000000d5580000)
  object space 1038848K, 79% used [0x0000000080000000,0x00000000b2259a20,0x00000000bf680000)
 Metaspace       used 99472K, committed 101376K, reserved 1179648K
  class space    used 9956K, committed 10816K, reserved 1048576K
}
Event: 1463,247 GC heap after
{Heap after GC invocations=1927 (full 5):
 PSYoungGen      total 7168K, used 489K [0x00000000d5580000, 0x00000000d5f80000, 0x0000000100000000)
  eden space 6656K, 0% used [0x00000000d5580000,0x00000000d5580000,0x00000000d5c00000)
  from space 512K, 95% used [0x00000000d5f00000,0x00000000d5f7a400,0x00000000d5f80000)
  to   space 1024K, 0% used [0x00000000d5d80000,0x00000000d5d80000,0x00000000d5e80000)
 ParOldGen       total 1038848K, used 821606K [0x0000000080000000, 0x00000000bf680000, 0x00000000d5580000)
  object space 1038848K, 79% used [0x0000000080000000,0x00000000b2259a20,0x00000000bf680000)
 Metaspace       used 99472K, committed 101376K, reserved 1179648K
  class space    used 9956K, committed 10816K, reserved 1048576K
}
Event: 1463,328 GC heap before
{Heap before GC invocations=1928 (full 5):
 PSYoungGen      total 7168K, used 7144K [0x00000000d5580000, 0x00000000d5f80000, 0x0000000100000000)
  eden space 6656K, 99% used [0x00000000d5580000,0x00000000d5bfffc0,0x00000000d5c00000)
  from space 512K, 95% used [0x00000000d5f00000,0x00000000d5f7a400,0x00000000d5f80000)
  to   space 1024K, 0% used [0x00000000d5d80000,0x00000000d5d80000,0x00000000d5e80000)
 ParOldGen       total 1038848K, used 821606K [0x0000000080000000, 0x00000000bf680000, 0x00000000d5580000)
  object space 1038848K, 79% used [0x0000000080000000,0x00000000b2259a20,0x00000000bf680000)
 Metaspace       used 99472K, committed 101376K, reserved 1179648K
  class space    used 9956K, committed 10816K, reserved 1048576K
}
Event: 1463,336 GC heap after
{Heap after GC invocations=1928 (full 5):
 PSYoungGen      total 7680K, used 537K [0x00000000d5580000, 0x00000000d5f80000, 0x0000000100000000)
  eden space 6656K, 0% used [0x00000000d5580000,0x00000000d5580000,0x00000000d5c00000)
  from space 1024K, 52% used [0x00000000d5d80000,0x00000000d5e06410,0x00000000d5e80000)
  to   space 1024K, 0% used [0x00000000d5e80000,0x00000000d5e80000,0x00000000d5f80000)
 ParOldGen       total 1038848K, used 821622K [0x0000000080000000, 0x00000000bf680000, 0x00000000d5580000)
  object space 1038848K, 79% used [0x0000000080000000,0x00000000b225da20,0x00000000bf680000)
 Metaspace       used 99472K, committed 101376K, reserved 1179648K
  class space    used 9956K, committed 10816K, reserved 1048576K
}
Event: 1463,613 GC heap before
{Heap before GC invocations=1929 (full 5):
 PSYoungGen      total 7680K, used 7193K [0x00000000d5580000, 0x00000000d5f80000, 0x0000000100000000)
  eden space 6656K, 100% used [0x00000000d5580000,0x00000000d5c00000,0x00000000d5c00000)
  from space 1024K, 52% used [0x00000000d5d80000,0x00000000d5e06410,0x00000000d5e80000)
  to   space 1024K, 0% used [0x00000000d5e80000,0x00000000d5e80000,0x00000000d5f80000)
 ParOldGen       total 1038848K, used 821622K [0x0000000080000000, 0x00000000bf680000, 0x00000000d5580000)
  object space 1038848K, 79% used [0x0000000080000000,0x00000000b225da20,0x00000000bf680000)
 Metaspace       used 99475K, committed 101376K, reserved 1179648K
  class space    used 9956K, committed 10816K, reserved 1048576K
}
Event: 1463,618 GC heap after
{Heap after GC invocations=1929 (full 5):
 PSYoungGen      total 7168K, used 64K [0x00000000d5580000, 0x00000000d5f00000, 0x0000000100000000)
  eden space 6656K, 0% used [0x00000000d5580000,0x00000000d5580000,0x00000000d5c00000)
  from space 512K, 12% used [0x00000000d5e80000,0x00000000d5e90000,0x00000000d5f00000)
  to   space 512K, 0% used [0x00000000d5e00000,0x00000000d5e00000,0x00000000d5e80000)
 ParOldGen       total 1038848K, used 821646K [0x0000000080000000, 0x00000000bf680000, 0x00000000d5580000)
  object space 1038848K, 79% used [0x0000000080000000,0x00000000b2263a20,0x00000000bf680000)
 Metaspace       used 99475K, committed 101376K, reserved 1179648K
  class space    used 9956K, committed 10816K, reserved 1048576K
}
Event: 1463,635 GC heap before
{Heap before GC invocations=1930 (full 5):
 PSYoungGen      total 7168K, used 6720K [0x00000000d5580000, 0x00000000d5f00000, 0x0000000100000000)
  eden space 6656K, 100% used [0x00000000d5580000,0x00000000d5c00000,0x00000000d5c00000)
  from space 512K, 12% used [0x00000000d5e80000,0x00000000d5e90000,0x00000000d5f00000)
  to   space 512K, 0% used [0x00000000d5e00000,0x00000000d5e00000,0x00000000d5e80000)
 ParOldGen       total 1038848K, used 821646K [0x0000000080000000, 0x00000000bf680000, 0x00000000d5580000)
  object space 1038848K, 79% used [0x0000000080000000,0x00000000b2263a20,0x00000000bf680000)
 Metaspace       used 99476K, committed 101376K, reserved 1179648K
  class space    used 9956K, committed 10816K, reserved 1048576K
}
Event: 1463,643 GC heap after
{Heap after GC invocations=1930 (full 5):
 PSYoungGen      total 7168K, used 489K [0x00000000d5580000, 0x00000000d6000000, 0x0000000100000000)
  eden space 6656K, 0% used [0x00000000d5580000,0x00000000d5580000,0x00000000d5c00000)
  from space 512K, 95% used [0x00000000d5e00000,0x00000000d5e7a400,0x00000000d5e80000)
  to   space 1536K, 0% used [0x00000000d5e80000,0x00000000d5e80000,0x00000000d6000000)
 ParOldGen       total 1038848K, used 822538K [0x0000000080000000, 0x00000000bf680000, 0x00000000d5580000)
  object space 1038848K, 79% used [0x0000000080000000,0x00000000b23429f0,0x00000000bf680000)
 Metaspace       used 99476K, committed 101376K, reserved 1179648K
  class space    used 9956K, committed 10816K, reserved 1048576K
}
Event: 1463,658 GC heap before
{Heap before GC invocations=1931 (full 5):
 PSYoungGen      total 7168K, used 7145K [0x00000000d5580000, 0x00000000d6000000, 0x0000000100000000)
  eden space 6656K, 100% used [0x00000000d5580000,0x00000000d5c00000,0x00000000d5c00000)
  from space 512K, 95% used [0x00000000d5e00000,0x00000000d5e7a400,0x00000000d5e80000)
  to   space 1536K, 0% used [0x00000000d5e80000,0x00000000d5e80000,0x00000000d6000000)
 ParOldGen       total 1038848K, used 822538K [0x0000000080000000, 0x00000000bf680000, 0x00000000d5580000)
  object space 1038848K, 79% used [0x0000000080000000,0x00000000b23429f0,0x00000000bf680000)
 Metaspace       used 99476K, committed 101376K, reserved 1179648K
  class space    used 9956K, committed 10816K, reserved 1048576K
}
Event: 1463,665 GC heap after
{Heap after GC invocations=1931 (full 5):
 PSYoungGen      total 5120K, used 1536K [0x00000000d5580000, 0x00000000d6880000, 0x0000000100000000)
  eden space 3584K, 0% used [0x00000000d5580000,0x00000000d5580000,0x00000000d5900000)
  from space 1536K, 100% used [0x00000000d5e80000,0x00000000d6000000,0x00000000d6000000)
  to   space 5632K, 0% used [0x00000000d5900000,0x00000000d5900000,0x00000000d5e80000)
 ParOldGen       total 1038848K, used 825603K [0x0000000080000000, 0x00000000bf680000, 0x00000000d5580000)
  object space 1038848K, 79% used [0x0000000080000000,0x00000000b2640df0,0x00000000bf680000)
 Metaspace       used 99476K, committed 101376K, reserved 1179648K
  class space    used 9956K, committed 10816K, reserved 1048576K
}
Event: 1463,675 GC heap before
{Heap before GC invocations=1932 (full 5):
 PSYoungGen      total 5120K, used 5120K [0x00000000d5580000, 0x00000000d6880000, 0x0000000100000000)
  eden space 3584K, 100% used [0x00000000d5580000,0x00000000d5900000,0x00000000d5900000)
  from space 1536K, 100% used [0x00000000d5e80000,0x00000000d6000000,0x00000000d6000000)
  to   space 5632K, 0% used [0x00000000d5900000,0x00000000d5900000,0x00000000d5e80000)
 ParOldGen       total 1038848K, used 825603K [0x0000000080000000, 0x00000000bf680000, 0x00000000d5580000)
  object space 1038848K, 79% used [0x0000000080000000,0x00000000b2640df0,0x00000000bf680000)
 Metaspace       used 99476K, committed 101376K, reserved 1179648K
  class space    used 9956K, committed 10816K, reserved 1048576K
}
Event: 1463,680 GC heap after
{Heap after GC invocations=1932 (full 5):
 PSYoungGen      total 4608K, used 565K [0x00000000d5580000, 0x00000000d5f00000, 0x0000000100000000)
  eden space 3584K, 0% used [0x00000000d5580000,0x00000000d5580000,0x00000000d5900000)
  from space 1024K, 55% used [0x00000000d5900000,0x00000000d598d400,0x00000000d5a00000)
  to   space 2048K, 0% used [0x00000000d5d00000,0x00000000d5d00000,0x00000000d5f00000)
 ParOldGen       total 1038848K, used 827155K [0x0000000080000000, 0x00000000bf680000, 0x00000000d5580000)
  object space 1038848K, 79% used [0x0000000080000000,0x00000000b27c4df0,0x00000000bf680000)
 Metaspace       used 99476K, committed 101376K, reserved 1179648K
  class space    used 9956K, committed 10816K, reserved 1048576K
}

